# do {counter_tb_compile.do}
# ** Warning: (vlib-34) Library already exists at "modelsim_lib/work".
# ** Warning: (vlib-34) Library already exists at "modelsim_lib/msim".
# ** Warning: (vlib-34) Library already exists at "modelsim_lib/msim/xil_defaultlib".
# Model Technology ModelSim SE-64 vmap 10.6d Lib Mapping Utility 2018.02 Feb 24 2018
# vmap xil_defaultlib modelsim_lib/msim/xil_defaultlib 
# Modifying modelsim.ini
# ** Warning: (vlog-159) Mode option -64 is not supported in this context and will be ignored.
# Model Technology ModelSim SE-64 vlog 10.6d Compiler 2018.02 Feb 24 2018
# Start time: 14:14:44 on Feb 01,2023
# vlog -64 -incr -sv -work xil_defaultlib ../../../../counter.srcs/sources_1/new/counter.sv ../../../../counter.srcs/sim_1/new/counter_tb.sv 
# -- Compiling module counter
# -- Skipping module counter_tb
# 
# Top level modules:
# 	counter_tb
# End time: 14:14:44 on Feb 01,2023, Elapsed time: 0:00:00
# Errors: 0, Warnings: 1
# Model Technology ModelSim SE-64 vlog 10.6d Compiler 2018.02 Feb 24 2018
# Start time: 14:14:44 on Feb 01,2023
# vlog -work xil_defaultlib glbl.v 
# -- Compiling module glbl
# 
# Top level modules:
# 	glbl
# End time: 14:14:44 on Feb 01,2023, Elapsed time: 0:00:00
# Errors: 0, Warnings: 0
