# //  ModelSim SE-64 10.6d Feb 24 2018
# //
# //  Copyright 1991-2018 Mentor Graphics Corporation
# //  All Rights Reserved.
# //
# //  ModelSim SE-64 and its associated documentation contain trade
# //  secrets and commercial or financial information that are the property of
# //  Mentor Graphics Corporation and are privileged, confidential,
# //  and exempt from disclosure under the Freedom of Information Act,
# //  5 U.S.C. Section 552. Furthermore, this information
# //  is prohibited from disclosure under the Trade Secrets Act,
# //  18 U.S.C. Section 1905.
# //
# do {counter_tb_simulate.do}
# vsim -voptargs=""+acc"" -L xil_defaultlib -L unisims_ver -L unimacro_ver -L secureip -lib xil_defaultlib xil_defaultlib.counter_tb xil_defaultlib.glbl 
# Start time: 14:14:48 on Feb 01,2023
# ** Note: (vsim-3813) Design is being optimized due to module recompilation...
# Loading sv_std.std
# Loading work.counter_tb(fast)
# Loading work.counter(fast)
# Loading work.glbl(fast)
# 1
# 1
# .main_pane.wave.interior.cs.body.pw.wf
# .main_pane.structure.interior.cs.body.struct
# .main_pane.objects.interior.cs.body.tree
run -all
# ** Note: $stop    : ../../../../counter.srcs/sim_1/new/counter_tb.sv(46)
#    Time: 9509 ns  Iteration: 0  Instance: /counter_tb
# Break in Module counter_tb at ../../../../counter.srcs/sim_1/new/counter_tb.sv line 46
# End time: 14:22:33 on Feb 01,2023, Elapsed time: 0:07:45
# Errors: 0, Warnings: 0
