# do {half_add_tb_compile.do}
# Model Technology ModelSim SE-64 vmap 10.6d Lib Mapping Utility 2018.02 Feb 24 2018
# vmap xil_defaultlib modelsim_lib/msim/xil_defaultlib 
# Modifying modelsim.ini
# ** Warning: (vlog-159) Mode option -64 is not supported in this context and will be ignored.
# Model Technology ModelSim SE-64 vlog 10.6d Compiler 2018.02 Feb 24 2018
# Start time: 22:34:18 on Jan 31,2023
# vlog -64 -incr -sv -work xil_defaultlib ../../../../add.srcs/sources_1/new/half_add.sv ../../../../add.srcs/sim_1/new/half_add_tb.sv 
# -- Compiling module half_add
# -- Compiling module half_add_tb
# 
# Top level modules:
# 	half_add_tb
# End time: 22:34:19 on Jan 31,2023, Elapsed time: 0:00:01
# Errors: 0, Warnings: 1
# Model Technology ModelSim SE-64 vlog 10.6d Compiler 2018.02 Feb 24 2018
# Start time: 22:34:19 on Jan 31,2023
# vlog -work xil_defaultlib glbl.v 
# -- Compiling module glbl
# 
# Top level modules:
# 	glbl
# End time: 22:34:19 on Jan 31,2023, Elapsed time: 0:00:00
# Errors: 0, Warnings: 0
